2025-12-08 15:57:37,068 - INFO - Creating schema...
2025-12-08 15:57:37,096 - INFO - Schema created.
2025-12-08 15:57:37,097 - INFO - Loading data...
2025-12-08 15:57:38,641 - INFO - Data loaded.
2025-12-08 15:57:38,642 - INFO - Creating indexes...
2025-12-08 15:57:38,676 - INFO - Indexes created.
2025-12-08 15:57:38,676 - INFO - Generating report...
2025-12-08 15:57:38,723 - INFO - Report generated.
2025-12-08 15:57:38,730 - INFO - Saving report to file: report.json...
2025-12-08 15:57:38,731 - INFO - Process finished successfully.
2025-12-08 15:57:42,296 - INFO - Creating schema...
2025-12-08 15:57:42,325 - INFO - Schema created.
2025-12-08 15:57:42,325 - INFO - Loading data...
2025-12-08 15:57:43,925 - INFO - Data loaded.
2025-12-08 15:57:43,925 - INFO - Creating indexes...
2025-12-08 15:57:43,950 - INFO - Indexes created.
2025-12-08 15:57:43,950 - INFO - Generating report...
2025-12-08 15:57:43,991 - INFO - Report generated.
2025-12-08 15:57:44,005 - INFO - Saving report to file: report.xml...
2025-12-08 15:57:44,018 - INFO - Process finished successfully.
